[debug] [2020-11-12T09:13:25.192Z] ----------------------------------------------------------------------
[debug] [2020-11-12T09:13:25.195Z] Command:       C:\Program Files\nodejs\node.exe C:\Users\Soumitra\AppData\Roaming\npm\node_modules\firebase-tools\lib\bin\firebase.js init
[debug] [2020-11-12T09:13:25.195Z] CLI Version:   8.16.0
[debug] [2020-11-12T09:13:25.196Z] Platform:      win32
[debug] [2020-11-12T09:13:25.196Z] Node Version:  v10.16.0
[debug] [2020-11-12T09:13:25.197Z] Time:          Thu Nov 12 2020 14:43:25 GMT+0530 (India Standard Time)
[debug] [2020-11-12T09:13:25.197Z] ----------------------------------------------------------------------
[debug] [2020-11-12T09:13:25.197Z] 
[debug] [2020-11-12T09:13:25.208Z] > command requires scopes: ["email","openid","https://www.googleapis.com/auth/cloudplatformprojects.readonly","https://www.googleapis.com/auth/firebase","https://www.googleapis.com/auth/cloud-platform"]
[debug] [2020-11-12T09:13:25.209Z] > authorizing via signed-in user
[info] 
     ######## #### ########  ######## ########     ###     ######  ########
     ##        ##  ##     ## ##       ##     ##  ##   ##  ##       ##
     ######    ##  ########  ######   ########  #########  ######  ######
     ##        ##  ##    ##  ##       ##     ## ##     ##       ## ##
     ##       #### ##     ## ######## ########  ##     ##  ######  ########

You're about to initialize a Firebase project in this directory:

  E:\demo\weather

Before we get started, keep in mind:

  * You are initializing in an existing Firebase project directory

[info] 
=== Project Setup
[info] 
[info] First, let's associate this project directory with a Firebase project.
[info] You can create multiple project aliases by running firebase use --add, 
[info] but for now we'll just set up a default project.
[info] 
[info] i  .firebaserc already has a default project, using weather-app-d51f0. 
[debug] [2020-11-12T09:13:29.241Z] >>> HTTP REQUEST GET https://firebase.googleapis.com/v1beta1/projects/weather-app-d51f0  
 
[debug] [2020-11-12T09:13:52.741Z] ----------------------------------------------------------------------
[debug] [2020-11-12T09:13:52.744Z] Command:       C:\Program Files\nodejs\node.exe C:\Users\Soumitra\AppData\Roaming\npm\node_modules\firebase-tools\lib\bin\firebase.js deploy
[debug] [2020-11-12T09:13:52.744Z] CLI Version:   8.16.0
[debug] [2020-11-12T09:13:52.745Z] Platform:      win32
[debug] [2020-11-12T09:13:52.745Z] Node Version:  v10.16.0
[debug] [2020-11-12T09:13:52.746Z] Time:          Thu Nov 12 2020 14:43:52 GMT+0530 (India Standard Time)
[debug] [2020-11-12T09:13:52.746Z] ----------------------------------------------------------------------
[debug] [2020-11-12T09:13:52.746Z] 
[debug] [2020-11-12T09:13:52.762Z] > command requires scopes: ["email","openid","https://www.googleapis.com/auth/cloudplatformprojects.readonly","https://www.googleapis.com/auth/firebase","https://www.googleapis.com/auth/cloud-platform"]
[debug] [2020-11-12T09:13:52.762Z] > authorizing via signed-in user
[debug] [2020-11-12T09:13:52.763Z] [iam] checking project weather-app-d51f0 for permissions ["firebase.projects.get","firebasehosting.sites.update"]
[debug] [2020-11-12T09:13:52.767Z] >>> HTTP REQUEST POST https://cloudresourcemanager.googleapis.com/v1/projects/weather-app-d51f0:testIamPermissions  
 {"permissions":["firebase.projects.get","firebasehosting.sites.update"]}
[debug] [2020-11-12T09:13:54.479Z] <<< HTTP RESPONSE 200 {"content-type":"application/json; charset=UTF-8","vary":"X-Origin, Referer, Origin,Accept-Encoding","date":"Thu, 12 Nov 2020 09:13:52 GMT","server":"ESF","cache-control":"private","x-xss-protection":"0","x-frame-options":"SAMEORIGIN","x-content-type-options":"nosniff","server-timing":"gfet4t7; dur=1133","alt-svc":"h3-Q050=\":443\"; ma=2592000,h3-29=\":443\"; ma=2592000,h3-T051=\":443\"; ma=2592000,h3-T050=\":443\"; ma=2592000,h3-Q046=\":443\"; ma=2592000,h3-Q043=\":443\"; ma=2592000,quic=\":443\"; ma=2592000; v=\"46,43\"","accept-ranges":"none","transfer-encoding":"chunked"}
[debug] [2020-11-12T09:13:54.484Z] >>> HTTP REQUEST GET https://firebase.googleapis.com/v1beta1/projects/weather-app-d51f0  
 
[debug] [2020-11-12T09:14:15.495Z] Server Error. connect ETIMEDOUT 216.58.200.138:443
[debug] [2020-11-12T09:14:16.038Z] FirebaseError: Server Error. connect ETIMEDOUT 216.58.200.138:443
    at Request._callback (C:\Users\Soumitra\AppData\Roaming\npm\node_modules\firebase-tools\lib\api.js:32:31)
    at self.callback (C:\Users\Soumitra\AppData\Roaming\npm\node_modules\firebase-tools\node_modules\request\request.js:185:22)
    at Request.emit (events.js:198:13)
    at Request.EventEmitter.emit (domain.js:448:20)
    at Request.onRequestError (C:\Users\Soumitra\AppData\Roaming\npm\node_modules\firebase-tools\node_modules\request\request.js:877:8)
    at ClientRequest.emit (events.js:203:15)
    at ClientRequest.EventEmitter.emit (domain.js:448:20)
    at TLSSocket.socketErrorListener (_http_client.js:392:9)
    at TLSSocket.emit (events.js:198:13)
    at TLSSocket.EventEmitter.emit (domain.js:448:20)
    at emitErrorNT (internal/streams/destroy.js:91:8)
    at emitErrorAndCloseNT (internal/streams/destroy.js:59:3)
    at process._tickCallback (internal/process/next_tick.js:63:19)
[error] 
[error] Error: Failed to get Firebase project weather-app-d51f0. Please make sure the project exists and your account has permission to access it.
